----------------------------------------------------------------
Sun Dec 03 20:16:41 IST 2023:
Booting Derby version The Apache Software Foundation - Apache Derby - 10.16.1.1 - (1901046): instance a816c00e-018c-3025-52ef-000000c83828 
on database directory memory:D:\Learning\Spring boot\New Projects\spring-boot-courses-learning-api\spring-boot-courses-learning-api\1aac32ae-2382-4cbf-97a2-987d4e5aab6d with class loader jdk.internal.loader.ClassLoaders$AppClassLoader@5c647e05 
Loaded from file:/C:/Users/abine/.m2/repository/org/apache/derby/derby/10.16.1.1/derby-10.16.1.1.jar
java.vendor=Oracle Corporation
java.runtime.version=20.0.2+9-78
user.dir=D:\Learning\Spring boot\New Projects\spring-boot-courses-learning-api\spring-boot-courses-learning-api
os.name=Windows 11
os.arch=amd64
os.version=10.0
derby.system.home=null
Database Class Loader started - derby.database.classpath=''
----------------------------------------------------------------
Sun Dec 03 20:19:09 IST 2023:
Shutting down instance a816c00e-018c-3025-52ef-000000c83828 on database directory memory:D:\Learning\Spring boot\New Projects\spring-boot-courses-learning-api\spring-boot-courses-learning-api\1aac32ae-2382-4cbf-97a2-987d4e5aab6d with class loader jdk.internal.loader.ClassLoaders$AppClassLoader@5c647e05 
----------------------------------------------------------------
Sun Dec 03 20:19:10 IST 2023:
Booting Derby version The Apache Software Foundation - Apache Derby - 10.16.1.1 - (1901046): instance a4420111-018c-3025-52ef-000000c83828 
on database directory memory:D:\Learning\Spring boot\New Projects\spring-boot-courses-learning-api\spring-boot-courses-learning-api\f5d78592-1e04-422a-a27b-32d46de6c7ad with class loader jdk.internal.loader.ClassLoaders$AppClassLoader@5c647e05 
Loaded from file:/C:/Users/abine/.m2/repository/org/apache/derby/derby/10.16.1.1/derby-10.16.1.1.jar
java.vendor=Oracle Corporation
java.runtime.version=20.0.2+9-78
user.dir=D:\Learning\Spring boot\New Projects\spring-boot-courses-learning-api\spring-boot-courses-learning-api
os.name=Windows 11
os.arch=amd64
os.version=10.0
derby.system.home=null
Database Class Loader started - derby.database.classpath=''
----------------------------------------------------------------
Sun Dec 03 20:19:13 IST 2023:
Shutting down instance a4420111-018c-3025-52ef-000000c83828 on database directory memory:D:\Learning\Spring boot\New Projects\spring-boot-courses-learning-api\spring-boot-courses-learning-api\f5d78592-1e04-422a-a27b-32d46de6c7ad with class loader jdk.internal.loader.ClassLoaders$AppClassLoader@5c647e05 
----------------------------------------------------------------
Sun Dec 03 20:19:14 IST 2023:
Booting Derby version The Apache Software Foundation - Apache Derby - 10.16.1.1 - (1901046): instance 84490209-018c-3025-52ef-000000c83828 
on database directory memory:D:\Learning\Spring boot\New Projects\spring-boot-courses-learning-api\spring-boot-courses-learning-api\548ec49a-def7-4cc9-8de8-fa0aa5f91cd8 with class loader jdk.internal.loader.ClassLoaders$AppClassLoader@5c647e05 
Loaded from file:/C:/Users/abine/.m2/repository/org/apache/derby/derby/10.16.1.1/derby-10.16.1.1.jar
java.vendor=Oracle Corporation
java.runtime.version=20.0.2+9-78
user.dir=D:\Learning\Spring boot\New Projects\spring-boot-courses-learning-api\spring-boot-courses-learning-api
os.name=Windows 11
os.arch=amd64
os.version=10.0
derby.system.home=null
Database Class Loader started - derby.database.classpath=''
----------------------------------------------------------------
Sun Dec 03 20:20:12 IST 2023:
Shutting down instance 84490209-018c-3025-52ef-000000c83828 on database directory memory:D:\Learning\Spring boot\New Projects\spring-boot-courses-learning-api\spring-boot-courses-learning-api\548ec49a-def7-4cc9-8de8-fa0aa5f91cd8 with class loader jdk.internal.loader.ClassLoaders$AppClassLoader@5c647e05 
----------------------------------------------------------------
Sun Dec 03 20:20:13 IST 2023:
Booting Derby version The Apache Software Foundation - Apache Derby - 10.16.1.1 - (1901046): instance c1e0c303-018c-3025-52ef-000000c83828 
on database directory memory:D:\Learning\Spring boot\New Projects\spring-boot-courses-learning-api\spring-boot-courses-learning-api\65d2064c-d45a-4580-abbc-67b035f7d9a1 with class loader jdk.internal.loader.ClassLoaders$AppClassLoader@5c647e05 
Loaded from file:/C:/Users/abine/.m2/repository/org/apache/derby/derby/10.16.1.1/derby-10.16.1.1.jar
java.vendor=Oracle Corporation
java.runtime.version=20.0.2+9-78
user.dir=D:\Learning\Spring boot\New Projects\spring-boot-courses-learning-api\spring-boot-courses-learning-api
os.name=Windows 11
os.arch=amd64
os.version=10.0
derby.system.home=null
Database Class Loader started - derby.database.classpath=''
----------------------------------------------------------------
Sun Dec 03 20:20:33 IST 2023:
Shutting down instance c1e0c303-018c-3025-52ef-000000c83828 on database directory memory:D:\Learning\Spring boot\New Projects\spring-boot-courses-learning-api\spring-boot-courses-learning-api\65d2064c-d45a-4580-abbc-67b035f7d9a1 with class loader jdk.internal.loader.ClassLoaders$AppClassLoader@5c647e05 
----------------------------------------------------------------
Sun Dec 03 20:20:34 IST 2023:
Booting Derby version The Apache Software Foundation - Apache Derby - 10.16.1.1 - (1901046): instance 08890409-018c-3025-52ef-000000c83828 
on database directory memory:D:\Learning\Spring boot\New Projects\spring-boot-courses-learning-api\spring-boot-courses-learning-api\41b4bc4f-6640-4dec-ba82-3a21e07d6010 with class loader jdk.internal.loader.ClassLoaders$AppClassLoader@5c647e05 
Loaded from file:/C:/Users/abine/.m2/repository/org/apache/derby/derby/10.16.1.1/derby-10.16.1.1.jar
java.vendor=Oracle Corporation
java.runtime.version=20.0.2+9-78
user.dir=D:\Learning\Spring boot\New Projects\spring-boot-courses-learning-api\spring-boot-courses-learning-api
os.name=Windows 11
os.arch=amd64
os.version=10.0
derby.system.home=null
Database Class Loader started - derby.database.classpath=''
----------------------------------------------------------------
Sun Dec 03 20:21:58 IST 2023:
Shutting down instance 08890409-018c-3025-52ef-000000c83828 on database directory memory:D:\Learning\Spring boot\New Projects\spring-boot-courses-learning-api\spring-boot-courses-learning-api\41b4bc4f-6640-4dec-ba82-3a21e07d6010 with class loader jdk.internal.loader.ClassLoaders$AppClassLoader@5c647e05 
----------------------------------------------------------------
Sun Dec 03 20:21:59 IST 2023:
Booting Derby version The Apache Software Foundation - Apache Derby - 10.16.1.1 - (1901046): instance 73eb450a-018c-3025-52ef-000000c83828 
on database directory memory:D:\Learning\Spring boot\New Projects\spring-boot-courses-learning-api\spring-boot-courses-learning-api\06e998cd-9eb0-4d2a-ae45-f5c16a8ee49b with class loader jdk.internal.loader.ClassLoaders$AppClassLoader@5c647e05 
Loaded from file:/C:/Users/abine/.m2/repository/org/apache/derby/derby/10.16.1.1/derby-10.16.1.1.jar
java.vendor=Oracle Corporation
java.runtime.version=20.0.2+9-78
user.dir=D:\Learning\Spring boot\New Projects\spring-boot-courses-learning-api\spring-boot-courses-learning-api
os.name=Windows 11
os.arch=amd64
os.version=10.0
derby.system.home=null
Database Class Loader started - derby.database.classpath=''
----------------------------------------------------------------
Sun Dec 03 20:21:59 IST 2023:
Shutting down instance 73eb450a-018c-3025-52ef-000000c83828 on database directory memory:D:\Learning\Spring boot\New Projects\spring-boot-courses-learning-api\spring-boot-courses-learning-api\06e998cd-9eb0-4d2a-ae45-f5c16a8ee49b with class loader jdk.internal.loader.ClassLoaders$AppClassLoader@5c647e05 
----------------------------------------------------------------
Sun Dec 03 20:21:59 IST 2023:
Booting Derby version The Apache Software Foundation - Apache Derby - 10.16.1.1 - (1901046): instance 2b4905f8-018c-3025-52ef-000000c83828 
on database directory memory:D:\Learning\Spring boot\New Projects\spring-boot-courses-learning-api\spring-boot-courses-learning-api\06e998cd-9eb0-4d2a-ae45-f5c16a8ee49b with class loader jdk.internal.loader.ClassLoaders$AppClassLoader@5c647e05 
Loaded from file:/C:/Users/abine/.m2/repository/org/apache/derby/derby/10.16.1.1/derby-10.16.1.1.jar
java.vendor=Oracle Corporation
java.runtime.version=20.0.2+9-78
user.dir=D:\Learning\Spring boot\New Projects\spring-boot-courses-learning-api\spring-boot-courses-learning-api
os.name=Windows 11
os.arch=amd64
os.version=10.0
derby.system.home=null
Database Class Loader started - derby.database.classpath=''
----------------------------------------------------------------
Sun Dec 03 20:22:20 IST 2023:
Booting Derby version The Apache Software Foundation - Apache Derby - 10.16.1.1 - (1901046): instance 74c705f9-018c-3025-52ef-000000c83828 
on database directory memory:D:\Learning\Spring boot\New Projects\spring-boot-courses-learning-api\spring-boot-courses-learning-api\8fb79745-d3e0-4ad9-b829-b342bd61080d with class loader jdk.internal.loader.ClassLoaders$AppClassLoader@5c647e05 
Loaded from file:/C:/Users/abine/.m2/repository/org/apache/derby/derby/10.16.1.1/derby-10.16.1.1.jar
java.vendor=Oracle Corporation
java.runtime.version=20.0.2+9-78
user.dir=D:\Learning\Spring boot\New Projects\spring-boot-courses-learning-api\spring-boot-courses-learning-api
os.name=Windows 11
os.arch=amd64
os.version=10.0
derby.system.home=null
Database Class Loader started - derby.database.classpath=''
----------------------------------------------------------------
Sun Dec 03 20:22:33 IST 2023:
Shutting down instance 74c705f9-018c-3025-52ef-000000c83828 on database directory memory:D:\Learning\Spring boot\New Projects\spring-boot-courses-learning-api\spring-boot-courses-learning-api\8fb79745-d3e0-4ad9-b829-b342bd61080d with class loader jdk.internal.loader.ClassLoaders$AppClassLoader@5c647e05 
----------------------------------------------------------------
Sun Dec 03 20:22:34 IST 2023:
Booting Derby version The Apache Software Foundation - Apache Derby - 10.16.1.1 - (1901046): instance 7d6046ff-018c-3025-52ef-000000c83828 
on database directory memory:D:\Learning\Spring boot\New Projects\spring-boot-courses-learning-api\spring-boot-courses-learning-api\5325c348-aa7d-40b6-9b92-84f23aaf5c9d with class loader jdk.internal.loader.ClassLoaders$AppClassLoader@5c647e05 
Loaded from file:/C:/Users/abine/.m2/repository/org/apache/derby/derby/10.16.1.1/derby-10.16.1.1.jar
java.vendor=Oracle Corporation
java.runtime.version=20.0.2+9-78
user.dir=D:\Learning\Spring boot\New Projects\spring-boot-courses-learning-api\spring-boot-courses-learning-api
os.name=Windows 11
os.arch=amd64
os.version=10.0
derby.system.home=null
Database Class Loader started - derby.database.classpath=''
----------------------------------------------------------------
Sun Dec 03 20:22:56 IST 2023:
Shutting down instance 7d6046ff-018c-3025-52ef-000000c83828 on database directory memory:D:\Learning\Spring boot\New Projects\spring-boot-courses-learning-api\spring-boot-courses-learning-api\5325c348-aa7d-40b6-9b92-84f23aaf5c9d with class loader jdk.internal.loader.ClassLoaders$AppClassLoader@5c647e05 
----------------------------------------------------------------
Sun Dec 03 20:22:57 IST 2023:
Booting Derby version The Apache Software Foundation - Apache Derby - 10.16.1.1 - (1901046): instance 77000800-018c-3025-52ef-000000c83828 
on database directory memory:D:\Learning\Spring boot\New Projects\spring-boot-courses-learning-api\spring-boot-courses-learning-api\35ae210f-2557-4829-86bf-e2cff434587d with class loader jdk.internal.loader.ClassLoaders$AppClassLoader@5c647e05 
Loaded from file:/C:/Users/abine/.m2/repository/org/apache/derby/derby/10.16.1.1/derby-10.16.1.1.jar
java.vendor=Oracle Corporation
java.runtime.version=20.0.2+9-78
user.dir=D:\Learning\Spring boot\New Projects\spring-boot-courses-learning-api\spring-boot-courses-learning-api
os.name=Windows 11
os.arch=amd64
os.version=10.0
derby.system.home=null
Database Class Loader started - derby.database.classpath=''
